TN:
SF:src\models\task.js
FNF:0
FNH:0
DA:1,1
DA:2,1
DA:4,1
DA:24,1
DA:25,1
DA:27,1
LF:6
LH:6
BRF:0
BRH:0
end_of_record
TN:
SF:src\models\user.js
FNF:0
FNH:0
DA:1,1
DA:2,1
DA:4,1
DA:21,1
DA:23,1
LF:5
LH:5
BRF:0
BRH:0
end_of_record
TN:
SF:src\services\taskServices.js
FN:5,createTask
FN:14,getAllTasks
FN:22,getTaskById
FN:30,updateTask
FN:38,deleteTask
FNF:5
FNH:5
FNDA:5,createTask
FNDA:2,getAllTasks
FNDA:1,getTaskById
FNDA:1,updateTask
FNDA:1,deleteTask
DA:1,1
DA:2,1
DA:6,5
DA:7,5
DA:8,5
DA:10,0
DA:15,2
DA:16,2
DA:18,0
DA:23,1
DA:24,1
DA:26,0
DA:31,1
DA:32,1
DA:34,0
DA:39,1
DA:40,1
DA:42,0
DA:46,1
LF:19
LH:14
BRF:0
BRH:0
end_of_record
TN:
SF:src\services\userService.js
FN:4,createUser
FN:13,getAllUsers
FN:21,getUserById
FN:29,updateUser
FN:37,deleteUser
FNF:5
FNH:5
FNDA:5,createUser
FNDA:2,getAllUsers
FNDA:1,getUserById
FNDA:1,updateUser
FNDA:1,deleteUser
DA:1,1
DA:2,1
DA:5,5
DA:6,5
DA:7,5
DA:9,0
DA:14,2
DA:15,2
DA:17,0
DA:22,1
DA:23,1
DA:25,0
DA:30,1
DA:31,1
DA:33,0
DA:38,1
DA:39,1
DA:41,0
DA:45,1
LF:19
LH:14
BRF:0
BRH:0
end_of_record
TN:
SF:src\utils\index.js
FN:3,Response
FN:11,parseToObjectID
FNF:2
FNH:1
FNDA:0,Response
FNDA:6,parseToObjectID
DA:1,2
DA:4,0
DA:12,6
DA:15,2
LF:4
LH:3
BRF:0
BRH:0
end_of_record
